<?xml version="1.0" encoding="UTF-8"?>
<testng-results skipped="0" failed="0" ignored="2" total="4" passed="2">
  <reporter-output>
  </reporter-output>
  <suite name="Suite" duration-ms="1454" started-at="2020-01-16T13:13:43Z" finished-at="2020-01-16T13:13:44Z">
    <groups>
    </groups>
    <test name="Test" duration-ms="1454" started-at="2020-01-16T13:13:43Z" finished-at="2020-01-16T13:13:44Z">
      <class name="com.unicommerce.test.GetSaleOrder">
        <test-method status="PASS" signature="beforeSuite()[pri:0, instance:com.unicommerce.test.GetSaleOrder@42d80b78]" name="beforeSuite" is-config="true" duration-ms="4949" started-at="2020-01-16T18:43:38Z" finished-at="2020-01-16T18:43:43Z">
          <reporter-output>
          </reporter-output>
        </test-method> <!-- beforeSuite -->
        <test-method status="PASS" signature="getSaleOrderDetails()[pri:0, instance:com.unicommerce.test.GetSaleOrder@42d80b78]" name="getSaleOrderDetails" duration-ms="757" started-at="2020-01-16T18:43:43Z" finished-at="2020-01-16T18:43:43Z">
          <reporter-output>
          </reporter-output>
        </test-method> <!-- getSaleOrderDetails -->
        <test-method status="PASS" signature="afterSuite()[pri:0, instance:com.unicommerce.test.GetSaleOrder@42d80b78]" name="afterSuite" is-config="true" duration-ms="0" started-at="2020-01-16T18:43:44Z" finished-at="2020-01-16T18:43:44Z">
          <reporter-output>
          </reporter-output>
        </test-method> <!-- afterSuite -->
      </class> <!-- com.unicommerce.test.GetSaleOrder -->
      <class name="com.unicommerce.test.CreateSaleOrder">
        <test-method status="PASS" signature="createSaleOrder()[pri:0, instance:com.unicommerce.test.CreateSaleOrder@3bfdc050]" name="createSaleOrder" duration-ms="649" started-at="2020-01-16T18:43:43Z" finished-at="2020-01-16T18:43:44Z">
          <reporter-output>
          </reporter-output>
        </test-method> <!-- createSaleOrder -->
      </class> <!-- com.unicommerce.test.CreateSaleOrder -->
    </test> <!-- Test -->
  </suite> <!-- Suite -->
</testng-results>
