<?xml version="1.0" encoding="UTF-8"?>
<!-- Generated by org.testng.reporters.JUnitXMLReporter -->
<testsuite hostname="ip-192-168-28-113.ap-southeast-1.compute.internal" ignored="2" name="Test" tests="2" failures="0" timestamp="16 Jan 2020 13:13:44 GMT" time="1.454" errors="0">
  <testcase name="getSaleOrderDetails" time="0.757" classname="com.unicommerce.test.GetSaleOrder"/>
  <testcase name="createSaleOrder" time="0.649" classname="com.unicommerce.test.CreateSaleOrder"/>
  <testcase name="@BeforeSuite beforeSuite" time="0.0" classname="com.unicommerce.helper.BaseTest">
    <ignored/>
  </testcase> <!-- @BeforeSuite beforeSuite -->
  <testcase name="@AfterSuite afterSuite" time="0.0" classname="com.unicommerce.helper.BaseTest">
    <ignored/>
  </testcase> <!-- @AfterSuite afterSuite -->
</testsuite> <!-- Test -->
